TN:
SF:src/app/layout.tsx
FN:9,RootLayout
FNF:1
FNH:0
FNDA:0,RootLayout
DA:2,0
DA:4,0
DA:9,0
LF:3
LH:0
BRF:0
BRH:0
end_of_record
TN:
SF:src/app/page.tsx
FN:6,Home
FNF:1
FNH:1
FNDA:2,Home
DA:3,1
DA:4,1
DA:6,2
LF:3
LH:3
BRF:0
BRH:0
end_of_record
TN:
SF:src/app/api/health/route.ts
FN:9,GET
FNF:1
FNH:0
FNDA:0,GET
DA:7,0
DA:9,0
DA:10,0
DA:11,0
DA:24,0
DA:33,0
DA:40,0
LF:7
LH:0
BRDA:18,0,0,0
BRDA:18,0,1,0
BRDA:37,1,0,0
BRDA:37,1,1,0
BRF:4
BRH:0
end_of_record
TN:
SF:src/app/auth/login/page.tsx
FN:7,LoginPage
FN:13,(anonymous_6)
FN:19,(anonymous_7)
FN:66,(anonymous_8)
FN:82,(anonymous_9)
FNF:5
FNH:0
FNDA:0,LoginPage
FNDA:0,(anonymous_6)
FNDA:0,(anonymous_7)
FNDA:0,(anonymous_8)
FNDA:0,(anonymous_9)
DA:3,0
DA:4,0
DA:5,0
DA:7,0
DA:8,0
DA:9,0
DA:10,0
DA:11,0
DA:13,0
DA:14,0
DA:15,0
DA:17,0
DA:19,0
DA:23,0
DA:26,0
DA:27,0
DA:29,0
DA:31,0
DA:66,0
DA:82,0
LF:20
LH:0
BRDA:26,0,0,0
BRDA:95,1,0,0
BRDA:95,1,1,0
BRF:3
BRH:0
end_of_record
TN:
SF:src/app/auth/signup/page.tsx
FN:7,SignupPage
FN:14,(anonymous_6)
FN:20,(anonymous_7)
FN:66,(anonymous_8)
FN:83,(anonymous_9)
FN:100,(anonymous_10)
FNF:6
FNH:0
FNDA:0,SignupPage
FNDA:0,(anonymous_6)
FNDA:0,(anonymous_7)
FNDA:0,(anonymous_8)
FNDA:0,(anonymous_9)
FNDA:0,(anonymous_10)
DA:3,0
DA:4,0
DA:5,0
DA:7,0
DA:8,0
DA:9,0
DA:10,0
DA:11,0
DA:12,0
DA:14,0
DA:15,0
DA:16,0
DA:18,0
DA:20,0
DA:23,0
DA:26,0
DA:27,0
DA:29,0
DA:31,0
DA:66,0
DA:83,0
DA:100,0
LF:22
LH:0
BRDA:26,0,0,0
BRDA:113,1,0,0
BRDA:113,1,1,0
BRF:3
BRH:0
end_of_record
TN:
SF:src/app/dashboard/layout.tsx
FN:10,DashboardLayout
FNF:1
FNH:0
FNDA:0,DashboardLayout
DA:6,0
DA:7,0
DA:8,0
DA:10,0
LF:4
LH:0
BRF:0
BRH:0
end_of_record
TN:
SF:src/app/dashboard/page.tsx
FN:6,DashboardPage
FNF:1
FNH:0
FNDA:0,DashboardPage
DA:3,0
DA:4,0
DA:6,0
LF:3
LH:0
BRF:0
BRH:0
end_of_record
TN:
SF:src/app/dashboard/assets/page.tsx
FN:1,AssetsPage
FNF:1
FNH:0
FNDA:0,AssetsPage
DA:1,0
LF:1
LH:0
BRF:0
BRH:0
end_of_record
TN:
SF:src/app/dashboard/audiences/page.tsx
FN:7,AudiencesPage
FN:39,(anonymous_3)
FNF:2
FNH:0
FNDA:0,AudiencesPage
FNDA:0,(anonymous_3)
DA:5,0
DA:7,0
DA:40,0
LF:3
LH:0
BRDA:46,0,0,0
BRDA:46,0,1,0
BRF:2
BRH:0
end_of_record
TN:
SF:src/app/dashboard/campaigns/page.tsx
FN:13,CampaignsPage
FN:25,(anonymous_5)
FN:90,(anonymous_6)
FN:91,(anonymous_7)
FN:103,(anonymous_8)
FN:130,(anonymous_9)
FN:135,(anonymous_10)
FN:140,(anonymous_11)
FN:145,(anonymous_12)
FN:150,(anonymous_13)
FN:159,(anonymous_14)
FN:160,(anonymous_15)
FN:162,(anonymous_16)
FN:167,(anonymous_17)
FN:168,(anonymous_18)
FN:178,(anonymous_19)
FN:179,(anonymous_20)
FN:180,(anonymous_21)
FN:181,(anonymous_22)
FN:182,(anonymous_23)
FN:198,(anonymous_24)
FN:262,(anonymous_25)
FN:270,(anonymous_26)
FN:282,(anonymous_27)
FN:294,(anonymous_28)
FN:313,(anonymous_29)
FN:319,(anonymous_30)
FN:373,(anonymous_31)
FN:387,(anonymous_32)
FN:394,(anonymous_33)
FNF:30
FNH:0
FNDA:0,CampaignsPage
FNDA:0,(anonymous_5)
FNDA:0,(anonymous_6)
FNDA:0,(anonymous_7)
FNDA:0,(anonymous_8)
FNDA:0,(anonymous_9)
FNDA:0,(anonymous_10)
FNDA:0,(anonymous_11)
FNDA:0,(anonymous_12)
FNDA:0,(anonymous_13)
FNDA:0,(anonymous_14)
FNDA:0,(anonymous_15)
FNDA:0,(anonymous_16)
FNDA:0,(anonymous_17)
FNDA:0,(anonymous_18)
FNDA:0,(anonymous_19)
FNDA:0,(anonymous_20)
FNDA:0,(anonymous_21)
FNDA:0,(anonymous_22)
FNDA:0,(anonymous_23)
FNDA:0,(anonymous_24)
FNDA:0,(anonymous_25)
FNDA:0,(anonymous_26)
FNDA:0,(anonymous_27)
FNDA:0,(anonymous_28)
FNDA:0,(anonymous_29)
FNDA:0,(anonymous_30)
FNDA:0,(anonymous_31)
FNDA:0,(anonymous_32)
FNDA:0,(anonymous_33)
DA:3,0
DA:4,0
DA:10,0
DA:11,0
DA:13,0
DA:14,0
DA:15,0
DA:16,0
DA:17,0
DA:18,0
DA:19,0
DA:20,0
DA:21,0
DA:22,0
DA:25,0
DA:26,0
DA:28,0
DA:90,0
DA:91,0
DA:93,0
DA:96,0
DA:97,0
DA:99,0
DA:103,0
DA:104,0
DA:105,0
DA:107,0
DA:108,0
DA:109,0
DA:112,0
DA:113,0
DA:114,0
DA:117,0
DA:118,0
DA:121,0
DA:126,0
DA:130,0
DA:135,0
DA:140,0
DA:145,0
DA:150,0
DA:152,0
DA:153,0
DA:154,0
DA:155,0
DA:156,0
DA:159,0
DA:160,0
DA:161,0
DA:162,0
DA:167,0
DA:168,0
DA:169,0
DA:170,0
DA:171,0
DA:173,0
DA:178,0
DA:179,0
DA:180,0
DA:181,0
DA:182,0
DA:184,0
DA:198,0
DA:262,0
DA:270,0
DA:282,0
DA:295,0
DA:296,0
DA:297,0
DA:298,0
DA:299,0
DA:313,0
DA:319,0
DA:375,0
DA:388,0
DA:394,0
LF:76
LH:0
BRDA:26,0,0,0
BRDA:93,1,0,0
BRDA:93,1,1,0
BRDA:96,2,0,0
BRDA:96,2,1,0
BRDA:97,3,0,0
BRDA:97,3,1,0
BRDA:99,4,0,0
BRDA:99,4,1,0
BRDA:99,4,2,0
BRDA:107,5,0,0
BRDA:112,6,0,0
BRDA:112,7,0,0
BRDA:112,7,1,0
BRDA:114,8,0,0
BRDA:114,8,1,0
BRDA:117,9,0,0
BRDA:121,10,0,0
BRDA:121,10,1,0
BRDA:122,11,0,0
BRDA:122,11,1,0
BRDA:123,12,0,0
BRDA:123,12,1,0
BRDA:161,13,0,0
BRDA:161,13,1,0
BRDA:170,14,0,0
BRDA:200,15,0,0
BRDA:200,15,1,0
BRDA:205,16,0,0
BRDA:205,16,1,0
BRDA:211,17,0,0
BRDA:296,18,0,0
BRDA:296,18,1,0
BRDA:297,19,0,0
BRDA:297,19,1,0
BRDA:314,20,0,0
BRDA:314,20,1,0
BRDA:320,21,0,0
BRDA:320,21,1,0
BRDA:349,22,0,0
BRDA:366,23,0,0
BRDA:381,24,0,0
BRDA:386,25,0,0
BRDA:386,25,1,0
BRDA:389,26,0,0
BRDA:412,27,0,0
BRF:46
BRH:0
end_of_record
TN:
SF:src/app/dashboard/create/page.tsx
FN:7,CreatePage
FNF:1
FNH:0
FNDA:0,CreatePage
DA:5,0
DA:7,0
LF:2
LH:0
BRF:0
BRH:0
end_of_record
TN:
SF:src/app/dashboard/integrations/page.tsx
FN:1,IntegrationsPage
FNF:1
FNH:0
FNDA:0,IntegrationsPage
DA:1,0
LF:1
LH:0
BRF:0
BRH:0
end_of_record
TN:
SF:src/app/dashboard/inventory/page.tsx
FN:1,InventoryPage
FNF:1
FNH:0
FNDA:0,InventoryPage
DA:1,0
LF:1
LH:0
BRF:0
BRH:0
end_of_record
TN:
SF:src/app/dashboard/line-items/page.tsx
FN:1,LineItemsPage
FNF:1
FNH:0
FNDA:0,LineItemsPage
DA:1,0
LF:1
LH:0
BRF:0
BRH:0
end_of_record
TN:
SF:src/app/dashboard/marketplace/page.tsx
FN:1,MarketplacePage
FNF:1
FNH:0
FNDA:0,MarketplacePage
DA:1,0
LF:1
LH:0
BRF:0
BRH:0
end_of_record
TN:
SF:src/app/dashboard/media-planning/page.tsx
FN:1,MediaPlanningPage
FNF:1
FNH:0
FNDA:0,MediaPlanningPage
DA:1,0
LF:1
LH:0
BRF:0
BRH:0
end_of_record
TN:
SF:src/app/dashboard/my-dashboards/page.tsx
FN:1,MyDashboardsPage
FNF:1
FNH:0
FNDA:0,MyDashboardsPage
DA:1,0
LF:1
LH:0
BRF:0
BRH:0
end_of_record
TN:
SF:src/app/dashboard/my-reports/page.tsx
FN:1,MyReportsPage
FNF:1
FNH:0
FNDA:0,MyReportsPage
DA:1,0
LF:1
LH:0
BRF:0
BRH:0
end_of_record
TN:
SF:src/app/dashboard/programs/page.tsx
FN:7,ProgramsPage
FN:55,(anonymous_3)
FNF:2
FNH:0
FNDA:0,ProgramsPage
FNDA:0,(anonymous_3)
DA:5,0
DA:7,0
DA:56,0
LF:3
LH:0
BRDA:66,0,0,0
BRDA:66,0,1,0
BRF:2
BRH:0
end_of_record
TN:
SF:src/components/ErrorBoundary.tsx
FN:20,(anonymous_4)
FN:25,(anonymous_5)
FN:35,(anonymous_6)
FN:58,(anonymous_7)
FNF:4
FNH:0
FNDA:0,(anonymous_4)
FNDA:0,(anonymous_5)
FNDA:0,(anonymous_6)
FNDA:0,(anonymous_7)
DA:3,0
DA:16,0
DA:22,0
DA:27,0
DA:28,0
DA:36,0
DA:38,0
DA:39,0
DA:58,0
DA:71,0
DA:75,0
LF:11
LH:0
BRDA:27,0,0,0
BRDA:36,1,0,0
BRDA:38,2,0,0
BRF:3
BRH:0
end_of_record
TN:
SF:src/components/brand/P360Logo.tsx
FN:22,(anonymous_6)
FN:42,(anonymous_7)
FN:61,(anonymous_8)
FN:87,(anonymous_9)
FN:94,(anonymous_10)
FNF:5
FNH:0
FNDA:0,(anonymous_6)
FNDA:0,(anonymous_7)
FNDA:0,(anonymous_8)
FNDA:0,(anonymous_9)
FNDA:0,(anonymous_10)
DA:9,0
DA:22,0
DA:28,0
DA:35,0
DA:42,0
DA:43,0
DA:61,0
DA:62,0
DA:63,0
DA:64,0
DA:65,0
DA:87,0
DA:94,0
DA:107,0
DA:114,0
LF:15
LH:0
BRDA:23,0,0,0
BRDA:24,1,0,0
BRDA:25,2,0,0
BRDA:26,3,0,0
BRDA:54,4,0,0
BRDA:54,4,1,0
BRDA:55,5,0,0
BRDA:55,5,1,0
BRDA:62,6,0,0
BRDA:62,6,1,0
BRDA:62,6,2,0
BRDA:75,7,0,0
BRDA:98,8,0,0
BRDA:99,9,0,0
BRDA:99,9,1,0
BRF:15
BRH:0
end_of_record
TN:
SF:src/components/campaigns/CampaignCard.tsx
FN:40,(anonymous_4)
FN:69,(anonymous_5)
FN:75,(anonymous_6)
FN:84,(anonymous_7)
FN:92,(anonymous_8)
FN:96,(anonymous_9)
FN:103,(anonymous_10)
FN:110,(anonymous_11)
FN:116,(anonymous_12)
FN:131,(anonymous_13)
FN:144,(anonymous_14)
FN:157,(anonymous_15)
FN:280,(anonymous_16)
FN:287,(anonymous_17)
FN:294,(anonymous_18)
FN:301,(anonymous_19)
FNF:16
FNH:0
FNDA:0,(anonymous_4)
FNDA:0,(anonymous_5)
FNDA:0,(anonymous_6)
FNDA:0,(anonymous_7)
FNDA:0,(anonymous_8)
FNDA:0,(anonymous_9)
FNDA:0,(anonymous_10)
FNDA:0,(anonymous_11)
FNDA:0,(anonymous_12)
FNDA:0,(anonymous_13)
FNDA:0,(anonymous_14)
FNDA:0,(anonymous_15)
FNDA:0,(anonymous_16)
FNDA:0,(anonymous_17)
FNDA:0,(anonymous_18)
FNDA:0,(anonymous_19)
DA:7,0
DA:8,0
DA:40,0
DA:66,0
DA:69,0
DA:70,0
DA:71,0
DA:72,0
DA:75,0
DA:76,0
DA:84,0
DA:85,0
DA:92,0
DA:93,0
DA:96,0
DA:97,0
DA:98,0
DA:99,0
DA:100,0
DA:103,0
DA:104,0
DA:105,0
DA:106,0
DA:107,0
DA:110,0
DA:111,0
DA:112,0
DA:113,0
DA:116,0
DA:117,0
DA:119,0
DA:121,0
DA:123,0
DA:125,0
DA:127,0
DA:131,0
DA:132,0
DA:134,0
DA:136,0
DA:138,0
DA:140,0
DA:144,0
DA:145,0
DA:146,0
DA:148,0
DA:149,0
DA:151,0
DA:152,0
DA:154,0
DA:157,0
DA:158,0
DA:159,0
DA:160,0
DA:161,0
DA:162,0
DA:165,0
DA:166,0
DA:167,0
DA:168,0
DA:169,0
DA:170,0
DA:280,0
DA:287,0
DA:294,0
DA:301,0
DA:313,0
LF:66
LH:0
BRDA:46,0,0,0
BRDA:47,1,0,0
BRDA:70,2,0,0
BRDA:71,3,0,0
BRDA:98,4,0,0
BRDA:99,5,0,0
BRDA:105,6,0,0
BRDA:106,7,0,0
BRDA:111,8,0,0
BRDA:112,9,0,0
BRDA:117,10,0,0
BRDA:117,10,1,0
BRDA:117,10,2,0
BRDA:117,10,3,0
BRDA:117,10,4,0
BRDA:132,11,0,0
BRDA:132,11,1,0
BRDA:132,11,2,0
BRDA:132,11,3,0
BRDA:145,12,0,0
BRDA:148,13,0,0
BRDA:151,14,0,0
BRDA:162,15,0,0
BRDA:162,15,1,0
BRDA:174,16,0,0
BRDA:174,16,1,0
BRDA:193,17,0,0
BRDA:202,18,0,0
BRDA:237,19,0,0
BRDA:237,19,1,0
BRDA:245,20,0,0
BRDA:260,21,0,0
BRDA:272,22,0,0
BRDA:272,22,1,0
BRDA:277,23,0,0
BRDA:297,24,0,0
BRDA:297,24,1,0
BRDA:298,25,0,0
BRDA:298,25,1,0
BRF:39
BRH:0
end_of_record
TN:
SF:src/components/navigation/Sidebar.tsx
FN:17,(anonymous_4)
FN:21,(anonymous_5)
FNF:2
FNH:0
FNDA:0,(anonymous_4)
FNDA:0,(anonymous_5)
DA:8,0
DA:10,0
DA:11,0
DA:17,0
DA:18,0
DA:21,0
DA:22,0
DA:251,0
LF:8
LH:0
BRDA:17,0,0,0
BRDA:22,1,0,0
BRDA:22,1,1,0
BRDA:44,2,0,0
BRDA:44,2,1,0
BRDA:44,3,0,0
BRDA:44,3,1,0
BRDA:61,4,0,0
BRDA:61,4,1,0
BRDA:76,5,0,0
BRDA:76,5,1,0
BRDA:93,6,0,0
BRDA:93,6,1,0
BRDA:115,7,0,0
BRDA:115,7,1,0
BRDA:131,8,0,0
BRDA:131,8,1,0
BRDA:151,9,0,0
BRDA:151,9,1,0
BRDA:167,10,0,0
BRDA:167,10,1,0
BRDA:189,11,0,0
BRDA:189,11,1,0
BRDA:203,12,0,0
BRDA:203,12,1,0
BRDA:217,13,0,0
BRDA:217,13,1,0
BRDA:232,14,0,0
BRDA:232,14,1,0
BRF:29
BRH:0
end_of_record
TN:
SF:src/components/navigation/TopBar.tsx
FN:21,(anonymous_4)
FNF:1
FNH:0
FNDA:0,(anonymous_4)
DA:15,0
DA:21,0
DA:112,0
LF:3
LH:0
BRDA:21,0,0,0
BRF:1
BRH:0
end_of_record
TN:
SF:src/components/ui/Button.tsx
FN:28,(anonymous_10)
FN:220,(anonymous_16)
FNF:2
FNH:0
FNDA:0,(anonymous_10)
FNDA:0,(anonymous_16)
DA:6,0
DA:7,0
DA:28,0
DA:41,0
DA:60,0
DA:69,0
DA:120,0
DA:123,0
DA:126,0
DA:136,0
DA:192,0
DA:196,0
DA:200,0
DA:204,0
DA:208,0
DA:220,0
DA:228,0
DA:236,0
LF:18
LH:0
BRDA:29,0,0,0
BRDA:30,1,0,0
BRDA:32,2,0,0
BRDA:33,3,0,0
BRDA:34,4,0,0
BRDA:35,5,0,0
BRDA:120,6,0,0
BRDA:120,6,1,0
BRDA:123,7,0,0
BRDA:123,7,1,0
BRDA:147,8,0,0
BRDA:147,8,1,0
BRDA:151,9,0,0
BRDA:153,10,0,0
BRDA:153,10,1,0
BRDA:153,11,0,0
BRDA:153,11,1,0
BRDA:174,12,0,0
BRDA:174,12,1,0
BRDA:174,12,2,0
BRDA:182,13,0,0
BRDA:182,13,1,0
BRDA:182,13,2,0
BRDA:222,14,0,0
BRDA:222,14,1,0
BRDA:223,15,0,0
BRDA:223,15,1,0
BRF:27
BRH:0
end_of_record
TN:
SF:src/lib/utils.ts
FN:4,cn
FNF:1
FNH:0
FNDA:0,cn
DA:1,0
DA:2,0
DA:4,0
DA:5,0
LF:4
LH:0
BRF:0
BRH:0
end_of_record
TN:
SF:src/lib/design-system/tokens.ts
FNF:0
FNH:0
DA:7,0
LF:1
LH:0
BRF:0
BRH:0
end_of_record
TN:
SF:src/lib/design-system/components/Button.tsx
FN:19,(anonymous_8)
FN:120,(anonymous_9)
FN:147,(anonymous_10)
FNF:3
FNH:0
FNDA:0,(anonymous_8)
FNDA:0,(anonymous_9)
FNDA:0,(anonymous_10)
DA:6,0
DA:7,0
DA:19,0
DA:20,0
DA:32,0
DA:34,0
DA:55,0
DA:70,0
DA:86,0
DA:101,0
DA:116,0
DA:120,0
DA:121,0
DA:123,0
DA:130,0
DA:138,0
DA:147,0
DA:160,0
DA:161,0
DA:163,0
DA:173,0
DA:210,0
DA:214,0
DA:218,0
DA:222,0
DA:226,0
LF:26
LH:0
BRDA:32,0,0,0
BRDA:32,0,1,0
BRDA:32,0,2,0
BRDA:32,0,3,0
BRDA:32,0,4,0
BRDA:32,0,5,0
BRDA:121,1,0,0
BRDA:121,1,1,0
BRDA:121,1,2,0
BRDA:121,1,3,0
BRDA:148,2,0,0
BRDA:149,3,0,0
BRDA:150,4,0,0
BRDA:151,5,0,0
BRDA:155,6,0,0
BRDA:166,7,0,0
BRDA:166,7,1,0
BRDA:169,8,0,0
BRDA:169,8,1,0
BRDA:169,9,0,0
BRDA:169,9,1,0
BRDA:175,10,0,0
BRDA:175,10,1,0
BRDA:176,11,0,0
BRDA:176,11,1,0
BRDA:183,12,0,0
BRDA:183,12,1,0
BRDA:187,13,0,0
BRDA:187,13,1,0
BRDA:196,14,0,0
BRDA:196,14,1,0
BRDA:202,15,0,0
BRDA:202,15,1,0
BRF:33
BRH:0
end_of_record
TN:
SF:src/lib/design-system/components/EmptyState.tsx
FN:27,(anonymous_6)
FN:54,(anonymous_7)
FN:98,(anonymous_8)
FN:154,(anonymous_9)
FN:165,(anonymous_10)
FNF:5
FNH:0
FNDA:0,(anonymous_6)
FNDA:0,(anonymous_7)
FNDA:0,(anonymous_8)
FNDA:0,(anonymous_9)
FNDA:0,(anonymous_10)
DA:6,0
DA:7,0
DA:8,0
DA:9,0
DA:27,0
DA:28,0
DA:30,0
DA:37,0
DA:45,0
DA:54,0
DA:63,0
DA:65,0
DA:74,0
DA:82,0
DA:90,0
DA:98,0
DA:99,0
DA:101,0
DA:115,0
DA:154,0
DA:165,0
DA:177,0
DA:186,0
DA:195,0
LF:24
LH:0
BRDA:28,0,0,0
BRDA:28,0,1,0
BRDA:28,0,2,0
BRDA:28,0,3,0
BRDA:60,1,0,0
BRDA:61,2,0,0
BRDA:99,3,0,0
BRDA:101,4,0,0
BRDA:120,5,0,0
BRDA:128,6,0,0
BRDA:128,6,1,0
BRDA:136,7,0,0
BRDA:147,8,0,0
BRDA:147,8,1,0
BRDA:149,9,0,0
BRDA:160,10,0,0
BRF:16
BRH:0
end_of_record
TN:
SF:src/lib/design-system/components/Typography.tsx
FN:84,(anonymous_10)
FNF:1
FNH:0
FNDA:0,(anonymous_10)
DA:6,0
DA:7,0
DA:19,0
DA:67,0
DA:77,0
DA:84,0
DA:95,0
DA:97,0
DA:118,0
DA:122,0
DA:126,0
DA:130,0
DA:134,0
DA:138,0
DA:142,0
LF:15
LH:0
BRDA:85,0,0,0
BRDA:87,1,0,0
BRDA:88,2,0,0
BRDA:89,3,0,0
BRDA:95,4,0,0
BRDA:95,4,1,0
BRDA:95,5,0,0
BRDA:95,5,1,0
BRDA:99,6,0,0
BRDA:99,6,1,0
BRF:10
BRH:0
end_of_record
