TN:
SF:src/config/swagger.config.ts
FN:237,(anonymous_1)
FN:242,(anonymous_2)
FNF:2
FNH:0
FNDA:0,(anonymous_1)
FNDA:0,(anonymous_2)
DA:1,0
DA:2,0
DA:5,0
DA:210,0
DA:213,0
DA:220,0
DA:237,0
DA:239,0
DA:242,0
DA:243,0
DA:244,0
DA:247,0
DA:248,0
DA:249,0
DA:252,0
DA:253,0
LF:16
LH:0
BRDA:248,0,0,0
BRDA:248,0,1,0
BRDA:249,1,0,0
BRDA:249,1,1,0
BRF:4
BRH:0
end_of_record
TN:
SF:src/controllers/organization.controller.ts
FN:16,(anonymous_0)
FN:109,(anonymous_1)
FN:171,(anonymous_2)
FN:234,(anonymous_3)
FN:315,(anonymous_4)
FN:378,(anonymous_5)
FN:445,(anonymous_6)
FNF:7
FNH:5
FNDA:4,(anonymous_0)
FNDA:2,(anonymous_1)
FNDA:2,(anonymous_2)
FNDA:2,(anonymous_3)
FNDA:2,(anonymous_4)
FNDA:0,(anonymous_5)
FNDA:0,(anonymous_6)
DA:2,1
DA:10,1
DA:16,1
DA:17,4
DA:18,4
DA:19,4
DA:20,1
DA:26,3
DA:27,3
DA:30,3
DA:31,3
DA:34,3
DA:37,3
DA:41,3
DA:42,1
DA:45,3
DA:46,0
DA:49,3
DA:50,1
DA:58,3
DA:59,3
DA:62,3
DA:81,2
DA:82,2
DA:83,2
DA:85,2
DA:97,1
DA:98,1
DA:109,1
DA:110,2
DA:111,2
DA:112,2
DA:113,0
DA:119,2
DA:122,2
DA:129,2
DA:130,1
DA:137,1
DA:154,1
DA:159,0
DA:160,0
DA:171,1
DA:172,2
DA:173,2
DA:174,2
DA:176,2
DA:177,0
DA:183,2
DA:211,2
DA:212,1
DA:218,1
DA:222,0
DA:223,0
DA:234,1
DA:235,2
DA:236,2
DA:237,2
DA:238,2
DA:240,2
DA:241,0
DA:248,2
DA:255,2
DA:256,0
DA:263,2
DA:264,2
DA:272,2
DA:273,1
DA:281,1
DA:298,1
DA:303,0
DA:304,0
DA:315,1
DA:316,2
DA:317,2
DA:318,2
DA:320,2
DA:321,0
DA:328,2
DA:342,2
DA:343,0
DA:350,2
DA:351,1
DA:358,1
DA:362,1
DA:366,0
DA:367,0
DA:378,1
DA:379,0
DA:380,0
DA:381,0
DA:383,0
DA:384,0
DA:391,0
DA:398,0
DA:399,0
DA:406,0
DA:429,0
DA:433,0
DA:434,0
DA:445,1
DA:446,0
DA:447,0
DA:448,0
DA:449,0
DA:451,0
DA:452,0
DA:459,0
DA:466,0
DA:467,0
DA:474,0
DA:481,0
DA:482,0
DA:489,0
DA:498,0
DA:499,0
DA:506,0
DA:525,0
DA:530,0
DA:531,0
LF:119
LH:73
BRDA:19,0,0,1
BRDA:30,1,0,2
BRDA:30,1,1,1
BRDA:30,2,0,2
BRDA:30,2,1,0
BRDA:30,3,0,1
BRDA:30,3,1,1
BRDA:31,4,0,2
BRDA:31,4,1,1
BRDA:31,5,0,2
BRDA:31,5,1,0
BRDA:31,6,0,1
BRDA:31,6,1,1
BRDA:41,7,0,1
BRDA:45,8,0,0
BRDA:49,9,0,1
BRDA:112,10,0,0
BRDA:129,11,0,1
BRDA:141,12,0,1
BRDA:141,12,1,1
BRDA:142,13,0,1
BRDA:142,13,1,1
BRDA:176,14,0,0
BRDA:211,15,0,1
BRDA:240,16,0,0
BRDA:255,17,0,0
BRDA:263,18,0,2
BRDA:263,19,0,2
BRDA:263,19,1,2
BRDA:272,20,0,1
BRDA:285,21,0,0
BRDA:285,21,1,1
BRDA:285,22,0,0
BRDA:285,22,1,0
BRDA:286,23,0,0
BRDA:286,23,1,1
BRDA:286,24,0,0
BRDA:286,24,1,0
BRDA:320,25,0,0
BRDA:342,26,0,0
BRDA:350,27,0,1
BRDA:383,28,0,0
BRDA:398,29,0,0
BRDA:451,30,0,0
BRDA:466,31,0,0
BRDA:481,32,0,0
BRDA:498,33,0,0
BRF:47
BRH:26
end_of_record
TN:
SF:src/middleware/auth.middleware.ts
FN:35,(anonymous_1)
FN:101,(anonymous_2)
FN:102,(anonymous_3)
FN:135,(anonymous_4)
FN:151,(anonymous_5)
FN:169,(anonymous_6)
FNF:6
FNH:0
FNDA:0,(anonymous_1)
FNDA:0,(anonymous_2)
FNDA:0,(anonymous_3)
FNDA:0,(anonymous_4)
FNDA:0,(anonymous_5)
FNDA:0,(anonymous_6)
DA:2,0
DA:3,0
DA:5,0
DA:35,0
DA:36,0
DA:37,0
DA:38,0
DA:40,0
DA:41,0
DA:47,0
DA:50,0
DA:53,0
DA:64,0
DA:65,0
DA:72,0
DA:73,0
DA:75,0
DA:76,0
DA:82,0
DA:83,0
DA:89,0
DA:90,0
DA:101,0
DA:102,0
DA:103,0
DA:104,0
DA:110,0
DA:111,0
DA:117,0
DA:124,0
DA:129,0
DA:135,0
DA:136,0
DA:137,0
DA:144,0
DA:145,0
DA:151,0
DA:152,0
DA:153,0
DA:155,0
DA:162,0
DA:169,0
DA:170,0
DA:171,0
DA:175,0
DA:183,0
LF:46
LH:0
BRDA:38,0,0,0
BRDA:38,0,1,0
BRDA:40,1,0,0
BRDA:47,2,0,0
BRDA:47,2,1,0
BRDA:64,3,0,0
BRDA:64,4,0,0
BRDA:64,4,1,0
BRDA:75,5,0,0
BRDA:82,6,0,0
BRDA:103,7,0,0
BRDA:110,8,0,0
BRDA:136,9,0,0
BRDA:152,10,0,0
BRDA:152,10,1,0
BRDA:153,11,0,0
BRDA:153,11,1,0
BRDA:170,12,0,0
BRF:18
BRH:0
end_of_record
TN:
SF:src/middleware/validation.middleware.ts
FN:7,(anonymous_0)
FN:12,(anonymous_1)
FN:32,(anonymous_2)
FN:81,(anonymous_3)
FN:82,(anonymous_4)
FN:109,(anonymous_5)
FN:113,(anonymous_6)
FN:148,(anonymous_7)
FN:166,(anonymous_8)
FN:167,(anonymous_9)
FNF:10
FNH:0
FNDA:0,(anonymous_0)
FNDA:0,(anonymous_1)
FNDA:0,(anonymous_2)
FNDA:0,(anonymous_3)
FNDA:0,(anonymous_4)
FNDA:0,(anonymous_5)
FNDA:0,(anonymous_6)
FNDA:0,(anonymous_7)
FNDA:0,(anonymous_8)
FNDA:0,(anonymous_9)
DA:2,0
DA:7,0
DA:12,0
DA:13,0
DA:15,0
DA:16,0
DA:20,0
DA:21,0
DA:25,0
DA:26,0
DA:29,0
DA:31,0
DA:32,0
DA:37,0
DA:45,0
DA:46,0
DA:57,0
DA:59,0
DA:66,0
DA:73,0
DA:81,0
DA:82,0
DA:83,0
DA:84,0
DA:86,0
DA:87,0
DA:93,0
DA:107,0
DA:109,0
DA:113,0
DA:114,0
DA:115,0
DA:116,0
DA:118,0
DA:119,0
DA:124,0
DA:127,0
DA:130,0
DA:131,0
DA:132,0
DA:134,0
DA:135,0
DA:141,0
DA:148,0
DA:149,0
DA:150,0
DA:152,0
DA:153,0
DA:160,0
DA:166,0
DA:167,0
DA:168,0
DA:169,0
DA:171,0
DA:176,0
DA:179,0
DA:180,0
DA:183,0
DA:184,0
DA:185,0
DA:187,0
DA:190,0
DA:191,0
DA:194,0
DA:195,0
DA:198,0
LF:66
LH:0
BRDA:15,0,0,0
BRDA:20,1,0,0
BRDA:25,2,0,0
BRDA:31,3,0,0
BRDA:81,4,0,0
BRDA:83,5,0,0
BRDA:83,5,1,0
BRDA:86,6,0,0
BRDA:110,7,0,0
BRDA:111,8,0,0
BRDA:114,9,0,0
BRDA:114,9,1,0
BRDA:118,10,0,0
BRDA:118,10,1,0
BRDA:118,11,0,0
BRDA:118,11,1,0
BRDA:134,12,0,0
BRDA:149,13,0,0
BRDA:152,14,0,0
BRDA:152,15,0,0
BRDA:152,15,1,0
BRDA:168,16,0,0
BRDA:168,17,0,0
BRDA:168,17,1,0
BRDA:169,18,0,0
BRDA:179,19,0,0
BRDA:190,20,0,0
BRDA:194,21,0,0
BRF:28
BRH:0
end_of_record
TN:
SF:src/routes/organization.routes.ts
FNF:0
FNH:0
DA:1,0
DA:2,0
DA:11,0
DA:17,0
DA:23,0
DA:30,0
DA:33,0
DA:34,0
DA:35,0
DA:231,0
DA:290,0
DA:339,0
DA:406,0
DA:468,0
DA:511,0
DA:588,0
DA:598,0
LF:17
LH:0
BRF:0
BRH:0
end_of_record
TN:
SF:src/schemas/organization.schemas.ts
FNF:0
FNH:0
DA:1,0
DA:4,0
DA:5,0
DA:6,0
DA:9,0
DA:26,0
DA:38,0
DA:51,0
DA:62,0
DA:67,0
DA:80,0
DA:99,0
DA:109,0
LF:13
LH:0
BRF:0
BRH:0
end_of_record
