TN:
SF:src/index.ts
FN:35,(anonymous_1)
FN:60,(anonymous_2)
FN:88,(anonymous_3)
FN:97,(anonymous_4)
FN:105,(anonymous_5)
FN:111,(anonymous_6)
FN:118,(anonymous_7)
FNF:7
FNH:0
FNDA:0,(anonymous_1)
FNDA:0,(anonymous_2)
FNDA:0,(anonymous_3)
FNDA:0,(anonymous_4)
FNDA:0,(anonymous_5)
FNDA:0,(anonymous_6)
FNDA:0,(anonymous_7)
DA:1,0
DA:2,0
DA:3,0
DA:4,0
DA:5,0
DA:8,0
DA:9,0
DA:10,0
DA:13,0
DA:15,0
DA:16,0
DA:17,0
DA:20,0
DA:23,0
DA:27,0
DA:28,0
DA:29,0
DA:32,0
DA:35,0
DA:36,0
DA:38,0
DA:40,0
DA:49,0
DA:60,0
DA:61,0
DA:85,0
DA:88,0
DA:89,0
DA:90,0
DA:97,0
DA:98,0
DA:105,0
DA:106,0
DA:107,0
DA:108,0
DA:111,0
DA:112,0
DA:113,0
DA:114,0
DA:118,0
DA:119,0
DA:120,0
DA:121,0
DA:122,0
DA:123,0
DA:124,0
DA:125,0
DA:128,0
LF:48
LH:0
BRDA:16,0,0,0
BRDA:16,0,1,0
BRDA:24,1,0,0
BRDA:24,1,1,0
BRDA:44,2,0,0
BRDA:44,2,1,0
BRDA:53,3,0,0
BRDA:53,3,1,0
BRDA:92,4,0,0
BRDA:92,4,1,0
BRDA:120,5,0,0
BRDA:120,5,1,0
BRDA:124,6,0,0
BRDA:124,6,1,0
BRF:14
BRH:0
end_of_record
TN:
SF:src/config/swagger.config.ts
FN:237,(anonymous_1)
FN:242,(anonymous_2)
FNF:2
FNH:0
FNDA:0,(anonymous_1)
FNDA:0,(anonymous_2)
DA:1,0
DA:2,0
DA:5,0
DA:210,0
DA:213,0
DA:220,0
DA:237,0
DA:239,0
DA:242,0
DA:243,0
DA:244,0
DA:247,0
DA:248,0
DA:249,0
DA:252,0
DA:253,0
LF:16
LH:0
BRDA:248,0,0,0
BRDA:248,0,1,0
BRDA:249,1,0,0
BRDA:249,1,1,0
BRF:4
BRH:0
end_of_record
TN:
SF:src/controllers/organization.controller.ts
FN:16,(anonymous_0)
FN:105,(anonymous_1)
FN:167,(anonymous_2)
FN:230,(anonymous_3)
FN:311,(anonymous_4)
FN:374,(anonymous_5)
FN:441,(anonymous_6)
FNF:7
FNH:0
FNDA:0,(anonymous_0)
FNDA:0,(anonymous_1)
FNDA:0,(anonymous_2)
FNDA:0,(anonymous_3)
FNDA:0,(anonymous_4)
FNDA:0,(anonymous_5)
FNDA:0,(anonymous_6)
DA:2,0
DA:10,0
DA:16,0
DA:17,0
DA:18,0
DA:19,0
DA:20,0
DA:26,0
DA:27,0
DA:30,0
DA:33,0
DA:37,0
DA:38,0
DA:41,0
DA:42,0
DA:45,0
DA:46,0
DA:54,0
DA:55,0
DA:58,0
DA:77,0
DA:78,0
DA:79,0
DA:81,0
DA:93,0
DA:94,0
DA:105,0
DA:106,0
DA:107,0
DA:108,0
DA:109,0
DA:115,0
DA:118,0
DA:125,0
DA:126,0
DA:133,0
DA:150,0
DA:155,0
DA:156,0
DA:167,0
DA:168,0
DA:169,0
DA:170,0
DA:172,0
DA:173,0
DA:179,0
DA:207,0
DA:208,0
DA:214,0
DA:218,0
DA:219,0
DA:230,0
DA:231,0
DA:232,0
DA:233,0
DA:234,0
DA:236,0
DA:237,0
DA:244,0
DA:251,0
DA:252,0
DA:259,0
DA:260,0
DA:268,0
DA:269,0
DA:277,0
DA:294,0
DA:299,0
DA:300,0
DA:311,0
DA:312,0
DA:313,0
DA:314,0
DA:316,0
DA:317,0
DA:324,0
DA:338,0
DA:339,0
DA:346,0
DA:347,0
DA:354,0
DA:358,0
DA:362,0
DA:363,0
DA:374,0
DA:375,0
DA:376,0
DA:377,0
DA:379,0
DA:380,0
DA:387,0
DA:394,0
DA:395,0
DA:402,0
DA:425,0
DA:429,0
DA:430,0
DA:441,0
DA:442,0
DA:443,0
DA:444,0
DA:445,0
DA:447,0
DA:448,0
DA:455,0
DA:462,0
DA:463,0
DA:470,0
DA:477,0
DA:478,0
DA:485,0
DA:494,0
DA:495,0
DA:502,0
DA:521,0
DA:526,0
DA:527,0
LF:117
LH:0
BRDA:19,0,0,0
BRDA:37,1,0,0
BRDA:41,2,0,0
BRDA:45,3,0,0
BRDA:108,4,0,0
BRDA:125,5,0,0
BRDA:137,6,0,0
BRDA:137,6,1,0
BRDA:138,7,0,0
BRDA:138,7,1,0
BRDA:172,8,0,0
BRDA:207,9,0,0
BRDA:236,10,0,0
BRDA:251,11,0,0
BRDA:259,12,0,0
BRDA:259,13,0,0
BRDA:259,13,1,0
BRDA:268,14,0,0
BRDA:281,15,0,0
BRDA:281,15,1,0
BRDA:282,16,0,0
BRDA:282,16,1,0
BRDA:316,17,0,0
BRDA:338,18,0,0
BRDA:346,19,0,0
BRDA:379,20,0,0
BRDA:394,21,0,0
BRDA:447,22,0,0
BRDA:462,23,0,0
BRDA:477,24,0,0
BRDA:494,25,0,0
BRF:31
BRH:0
end_of_record
TN:
SF:src/generated/prisma/client.d.ts
FNF:0
FNH:0
LF:0
LH:0
BRF:0
BRH:0
end_of_record
TN:
SF:src/generated/prisma/default.d.ts
FNF:0
FNH:0
LF:0
LH:0
BRF:0
BRH:0
end_of_record
TN:
SF:src/generated/prisma/edge.d.ts
FNF:0
FNH:0
LF:0
LH:0
BRF:0
BRH:0
end_of_record
TN:
SF:src/generated/prisma/index.d.ts
FNF:0
FNH:0
LF:0
LH:0
BRF:0
BRH:0
end_of_record
TN:
SF:src/generated/prisma/wasm.d.ts
FNF:0
FNH:0
LF:0
LH:0
BRF:0
BRH:0
end_of_record
TN:
SF:src/generated/prisma/runtime/index-browser.d.ts
FNF:0
FNH:0
LF:0
LH:0
BRF:0
BRH:0
end_of_record
TN:
SF:src/generated/prisma/runtime/library.d.ts
FNF:0
FNH:0
LF:0
LH:0
BRF:0
BRH:0
end_of_record
TN:
SF:src/middleware/auth.middleware.ts
FN:35,(anonymous_1)
FN:101,(anonymous_2)
FN:102,(anonymous_3)
FN:135,(anonymous_4)
FN:151,(anonymous_5)
FN:169,(anonymous_6)
FNF:6
FNH:2
FNDA:0,(anonymous_1)
FNDA:4,(anonymous_2)
FNDA:0,(anonymous_3)
FNDA:0,(anonymous_4)
FNDA:6,(anonymous_5)
FNDA:0,(anonymous_6)
DA:2,2
DA:3,2
DA:5,2
DA:35,2
DA:36,0
DA:37,0
DA:38,0
DA:40,0
DA:41,0
DA:47,0
DA:50,0
DA:53,0
DA:64,0
DA:65,0
DA:72,0
DA:73,0
DA:75,0
DA:76,0
DA:82,0
DA:83,0
DA:89,0
DA:90,0
DA:101,2
DA:102,4
DA:103,0
DA:104,0
DA:110,0
DA:111,0
DA:117,0
DA:124,2
DA:129,2
DA:135,2
DA:136,0
DA:137,0
DA:144,0
DA:145,0
DA:151,2
DA:152,6
DA:153,6
DA:155,6
DA:162,6
DA:169,2
DA:170,0
DA:171,0
DA:175,0
DA:183,0
LF:46
LH:15
BRDA:38,0,0,0
BRDA:38,0,1,0
BRDA:40,1,0,0
BRDA:47,2,0,0
BRDA:47,2,1,0
BRDA:64,3,0,0
BRDA:64,4,0,0
BRDA:64,4,1,0
BRDA:75,5,0,0
BRDA:82,6,0,0
BRDA:103,7,0,0
BRDA:110,8,0,0
BRDA:136,9,0,0
BRDA:152,10,0,6
BRDA:152,10,1,0
BRDA:153,11,0,6
BRDA:153,11,1,6
BRDA:170,12,0,0
BRF:18
BRH:3
end_of_record
TN:
SF:src/middleware/validation.middleware.ts
FN:7,(anonymous_0)
FN:12,(anonymous_1)
FN:32,(anonymous_2)
FN:81,(anonymous_3)
FN:82,(anonymous_4)
FN:109,(anonymous_5)
FN:113,(anonymous_6)
FN:148,(anonymous_7)
FN:166,(anonymous_8)
FN:167,(anonymous_9)
FNF:10
FNH:0
FNDA:0,(anonymous_0)
FNDA:0,(anonymous_1)
FNDA:0,(anonymous_2)
FNDA:0,(anonymous_3)
FNDA:0,(anonymous_4)
FNDA:0,(anonymous_5)
FNDA:0,(anonymous_6)
FNDA:0,(anonymous_7)
FNDA:0,(anonymous_8)
FNDA:0,(anonymous_9)
DA:2,0
DA:7,0
DA:12,0
DA:13,0
DA:15,0
DA:16,0
DA:20,0
DA:21,0
DA:25,0
DA:26,0
DA:29,0
DA:31,0
DA:32,0
DA:37,0
DA:45,0
DA:46,0
DA:57,0
DA:59,0
DA:66,0
DA:73,0
DA:81,0
DA:82,0
DA:83,0
DA:84,0
DA:86,0
DA:87,0
DA:93,0
DA:107,0
DA:109,0
DA:113,0
DA:114,0
DA:115,0
DA:116,0
DA:118,0
DA:119,0
DA:124,0
DA:127,0
DA:130,0
DA:131,0
DA:132,0
DA:134,0
DA:135,0
DA:141,0
DA:148,0
DA:149,0
DA:150,0
DA:152,0
DA:153,0
DA:160,0
DA:166,0
DA:167,0
DA:168,0
DA:169,0
DA:171,0
DA:176,0
DA:179,0
DA:180,0
DA:183,0
DA:184,0
DA:185,0
DA:187,0
DA:190,0
DA:191,0
DA:194,0
DA:195,0
DA:198,0
LF:66
LH:0
BRDA:15,0,0,0
BRDA:20,1,0,0
BRDA:25,2,0,0
BRDA:31,3,0,0
BRDA:81,4,0,0
BRDA:83,5,0,0
BRDA:83,5,1,0
BRDA:86,6,0,0
BRDA:110,7,0,0
BRDA:111,8,0,0
BRDA:114,9,0,0
BRDA:114,9,1,0
BRDA:118,10,0,0
BRDA:118,10,1,0
BRDA:118,11,0,0
BRDA:118,11,1,0
BRDA:134,12,0,0
BRDA:149,13,0,0
BRDA:152,14,0,0
BRDA:152,15,0,0
BRDA:152,15,1,0
BRDA:168,16,0,0
BRDA:168,17,0,0
BRDA:168,17,1,0
BRDA:169,18,0,0
BRDA:179,19,0,0
BRDA:190,20,0,0
BRDA:194,21,0,0
BRF:28
BRH:0
end_of_record
TN:
SF:src/routes/organization.routes.ts
FNF:0
FNH:0
DA:1,0
DA:2,0
DA:11,0
DA:17,0
DA:23,0
DA:30,0
DA:33,0
DA:34,0
DA:35,0
DA:36,0
DA:232,0
DA:291,0
DA:339,0
DA:406,0
DA:467,0
DA:510,0
DA:587,0
DA:597,0
LF:18
LH:0
BRF:0
BRH:0
end_of_record
TN:
SF:src/schemas/organization.schemas.ts
FNF:0
FNH:0
DA:1,0
DA:4,0
DA:5,0
DA:6,0
DA:9,0
DA:26,0
DA:38,0
DA:51,0
DA:62,0
DA:67,0
DA:80,0
DA:99,0
DA:109,0
LF:13
LH:0
BRF:0
BRH:0
end_of_record
